<?xml version="1.0" encoding="UTF-8"?>
<testsuite xmlns:xsi="http://www.w3.org/2001/XMLSchema-instance" xsi:noNamespaceSchemaLocation="https://maven.apache.org/surefire/maven-surefire-plugin/xsd/surefire-test-report.xsd" name="edu.eci.cvds.tdd.aerodescuentos.TarifasTest" time="0.064" tests="14" errors="0" skipped="0" failures="2">
  <properties>
    <property name="sun.desktop" value="windows"/>
    <property name="awt.toolkit" value="sun.awt.windows.WToolkit"/>
    <property name="file.encoding.pkg" value="sun.io"/>
    <property name="java.specification.version" value="1.8"/>
    <property name="sun.cpu.isalist" value="amd64"/>
    <property name="sun.jnu.encoding" value="Cp1252"/>
    <property name="java.class.path" value="C:\Users\juaco\Documents\ClasesEquivalencia\target\test-classes;C:\Users\juaco\Documents\ClasesEquivalencia\target\classes;C:\Users\juaco\.m2\repository\junit\junit\4.13\junit-4.13.jar;C:\Users\juaco\.m2\repository\org\hamcrest\hamcrest-core\1.3\hamcrest-core-1.3.jar;C:\Users\juaco\.m2\repository\edu\eci\cvds\aerodescuentos\1.0.0\aerodescuentos-1.0.0.jar;"/>
    <property name="java.vm.vendor" value="Oracle Corporation"/>
    <property name="sun.arch.data.model" value="64"/>
    <property name="user.variant" value=""/>
    <property name="java.vendor.url" value="http://java.oracle.com/"/>
    <property name="user.timezone" value="America/Bogota"/>
    <property name="java.vm.specification.version" value="1.8"/>
    <property name="os.name" value="Windows 10"/>
    <property name="sun.java.launcher" value="SUN_STANDARD"/>
    <property name="user.country" value="CO"/>
    <property name="sun.boot.library.path" value="C:\Program Files\Java\jdk1.8.0_111\jre\bin"/>
    <property name="sun.java.command" value="C:\Users\juaco\AppData\Local\Temp\surefire5731753463749525116\surefirebooter2271616723952488820.jar C:\Users\juaco\AppData\Local\Temp\surefire5731753463749525116 2020-02-03T15-13-19_741-jvmRun1 surefire7018491486287055165tmp surefire_03297087340781443770tmp"/>
    <property name="surefire.test.class.path" value="C:\Users\juaco\Documents\ClasesEquivalencia\target\test-classes;C:\Users\juaco\Documents\ClasesEquivalencia\target\classes;C:\Users\juaco\.m2\repository\junit\junit\4.13\junit-4.13.jar;C:\Users\juaco\.m2\repository\org\hamcrest\hamcrest-core\1.3\hamcrest-core-1.3.jar;C:\Users\juaco\.m2\repository\edu\eci\cvds\aerodescuentos\1.0.0\aerodescuentos-1.0.0.jar;"/>
    <property name="sun.cpu.endian" value="little"/>
    <property name="user.home" value="C:\Users\juaco"/>
    <property name="user.language" value="es"/>
    <property name="java.specification.vendor" value="Oracle Corporation"/>
    <property name="java.home" value="C:\Program Files\Java\jdk1.8.0_111\jre"/>
    <property name="basedir" value="C:\Users\juaco\Documents\ClasesEquivalencia"/>
    <property name="file.separator" value="\"/>
    <property name="line.separator" value="&#10;"/>
    <property name="java.vm.specification.vendor" value="Oracle Corporation"/>
    <property name="java.specification.name" value="Java Platform API Specification"/>
    <property name="java.awt.graphicsenv" value="sun.awt.Win32GraphicsEnvironment"/>
    <property name="surefire.real.class.path" value="C:\Users\juaco\AppData\Local\Temp\surefire5731753463749525116\surefirebooter2271616723952488820.jar"/>
    <property name="sun.boot.class.path" value="C:\Program Files\Java\jdk1.8.0_111\jre\lib\resources.jar;C:\Program Files\Java\jdk1.8.0_111\jre\lib\rt.jar;C:\Program Files\Java\jdk1.8.0_111\jre\lib\sunrsasign.jar;C:\Program Files\Java\jdk1.8.0_111\jre\lib\jsse.jar;C:\Program Files\Java\jdk1.8.0_111\jre\lib\jce.jar;C:\Program Files\Java\jdk1.8.0_111\jre\lib\charsets.jar;C:\Program Files\Java\jdk1.8.0_111\jre\lib\jfr.jar;C:\Program Files\Java\jdk1.8.0_111\jre\classes"/>
    <property name="user.script" value=""/>
    <property name="sun.management.compiler" value="HotSpot 64-Bit Tiered Compilers"/>
    <property name="java.runtime.version" value="1.8.0_111-b14"/>
    <property name="user.name" value="juaco"/>
    <property name="path.separator" value=";"/>
    <property name="os.version" value="10.0"/>
    <property name="java.endorsed.dirs" value="C:\Program Files\Java\jdk1.8.0_111\jre\lib\endorsed"/>
    <property name="java.runtime.name" value="Java(TM) SE Runtime Environment"/>
    <property name="file.encoding" value="UTF-8"/>
    <property name="java.vm.name" value="Java HotSpot(TM) 64-Bit Server VM"/>
    <property name="maven.ext.class.path" value="C:\Program Files\NetBeans 8.2\java\maven-nblib\netbeans-eventspy.jar"/>
    <property name="localRepository" value="C:\Users\juaco\.m2\repository"/>
    <property name="java.vendor.url.bug" value="http://bugreport.sun.com/bugreport/"/>
    <property name="java.io.tmpdir" value="C:\Users\juaco\AppData\Local\Temp\"/>
    <property name="java.version" value="1.8.0_111"/>
    <property name="user.dir" value="C:\Users\juaco\Documents\ClasesEquivalencia"/>
    <property name="os.arch" value="amd64"/>
    <property name="java.vm.specification.name" value="Java Virtual Machine Specification"/>
    <property name="java.awt.printerjob" value="sun.awt.windows.WPrinterJob"/>
    <property name="sun.os.patch.level" value=""/>
    <property name="java.library.path" value="C:\Program Files\Java\jdk1.8.0_111\jre\bin;C:\WINDOWS\Sun\Java\bin;C:\WINDOWS\system32;C:\WINDOWS;C:\Program Files (x86)\Common Files\Oracle\Java\javapath;C:\ProgramData\Oracle\Java\javapath;C:\Windows\system32;C:\Windows;C:\Windows\System32\Wbem;C:\Windows\System32\WindowsPowerShell\v1.0\;C:\Program Files (x86)\NVIDIA Corporation\PhysX\Common;C:\Program Files\Intel\WiFi\bin\;C:\Program Files\Common Files\Intel\WirelessCommon\;C:\WINDOWS\system32;C:\WINDOWS;C:\WINDOWS\System32\Wbem;C:\WINDOWS\System32\WindowsPowerShell\v1.0\;C:\WINDOWS\System32\OpenSSH\;C:\Program Files\NVIDIA Corporation\NVIDIA NvDLISR;C:\Program Files (x86)\ZeroTier\One\;C:\Program Files\Git\cmd;C:\Program Files\apache-maven-3.6.3\bin;C:\Users\juaco\AppData\Local\Microsoft\WindowsApps;;."/>
    <property name="java.vm.info" value="mixed mode"/>
    <property name="java.vendor" value="Oracle Corporation"/>
    <property name="java.vm.version" value="25.111-b14"/>
    <property name="java.ext.dirs" value="C:\Program Files\Java\jdk1.8.0_111\jre\lib\ext;C:\WINDOWS\Sun\Java\lib\ext"/>
    <property name="sun.io.unicode.encoding" value="UnicodeLittle"/>
    <property name="java.class.version" value="52.0"/>
  </properties>
  <testcase name="diasDeAntelacionPositivos" classname="edu.eci.cvds.tdd.aerodescuentos.TarifasTest" time="0.005"/>
  <testcase name="tarifaBaseNegativa_DiasDeAntelacionNegativos_EdadRecienNacido" classname="edu.eci.cvds.tdd.aerodescuentos.TarifasTest" time="0.001"/>
  <testcase name="edadNegativa_diasDeAntelacionInvalidos" classname="edu.eci.cvds.tdd.aerodescuentos.TarifasTest" time="0"/>
  <testcase name="diasDeAntelacion0" classname="edu.eci.cvds.tdd.aerodescuentos.TarifasTest" time="0"/>
  <testcase name="edadNegativa" classname="edu.eci.cvds.tdd.aerodescuentos.TarifasTest" time="0.005">
    <failure message="expected:&lt;0&gt; but was:&lt;9&gt;" type="java.lang.AssertionError"><![CDATA[java.lang.AssertionError: expected:<0> but was:<9>
	at edu.eci.cvds.tdd.aerodescuentos.TarifasTest.edadNegativa(TarifasTest.java:18)
]]></failure>
  </testcase>
  <testcase name="edadNegativa_tarifaBaseNegativa" classname="edu.eci.cvds.tdd.aerodescuentos.TarifasTest" time="0"/>
  <testcase name="diasDeAntelacionNegativos" classname="edu.eci.cvds.tdd.aerodescuentos.TarifasTest" time="0"/>
  <testcase name="tarifaBasePositiva" classname="edu.eci.cvds.tdd.aerodescuentos.TarifasTest" time="0"/>
  <testcase name="tarifaBaseNegativa" classname="edu.eci.cvds.tdd.aerodescuentos.TarifasTest" time="0">
    <failure message="expected:&lt;0&gt; but was:&lt;-1&gt;" type="java.lang.AssertionError"><![CDATA[java.lang.AssertionError: expected:<0> but was:<-1>
	at edu.eci.cvds.tdd.aerodescuentos.TarifasTest.tarifaBaseNegativa(TarifasTest.java:49)
]]></failure>
  </testcase>
  <testcase name="edadNegativa_tarifaBaseNegativa_diasDeAntelacionNegativos" classname="edu.eci.cvds.tdd.aerodescuentos.TarifasTest" time="0.001"/>
  <testcase name="tarifaBase0" classname="edu.eci.cvds.tdd.aerodescuentos.TarifasTest" time="0"/>
  <testcase name="edadNegativa_tarifaBase0" classname="edu.eci.cvds.tdd.aerodescuentos.TarifasTest" time="0"/>
  <testcase name="edadDeRecienNacido" classname="edu.eci.cvds.tdd.aerodescuentos.TarifasTest" time="0"/>
  <testcase name="edadPositivaConDiasDeAntelacion" classname="edu.eci.cvds.tdd.aerodescuentos.TarifasTest" time="0.001"/>
</testsuite>